[03:47:33] [ServerMain/INFO]: [bootstrap] Running Java 21 (OpenJDK 64-Bit Server VM 21.0.9+10-Ubuntu-125.10; Ubuntu null) on Linux 6.17.0-8-generic (amd64)
[03:47:33] [ServerMain/INFO]: [bootstrap] Loading Paper 1.21.9-59-main@0ff899d (2025-10-07T11:49:59Z) for Minecraft 1.21.9
[03:47:34] [ServerMain/INFO]: [PluginInitializerManager] Initializing plugins...
[03:47:34] [ServerMain/INFO]: [PluginInitializerManager] Initialized 4 plugins
[03:47:34] [ServerMain/INFO]: [PluginInitializerManager] Bukkit plugins (4):
 - Essentials (2.21.2), LevelledMobs (4.5.0 b141), SkinsRestorer (15.10.0), TabTPS (1.3.30)
[03:47:40] [ServerMain/INFO]: Environment: Environment[sessionHost=https://sessionserver.mojang.com, servicesHost=https://api.minecraftservices.com, profilesHost=https://api.mojang.com, name=PROD]
[03:47:42] [Worker-Main-3/WARN]: Found loot table element validation problem in {minecraft:entities/shulker@minecraft:loot_table}.pools[2].entries[0]: Missing element double_shulker_shells:entities/shulker of type minecraft:loot_table
[03:47:42] [Worker-Main-3/WARN]: Found loot table element validation problem in {minecraft:entities/bat@minecraft:loot_table}.pools[2].entries[0]: Missing element bat_membranes:entities/bat of type minecraft:loot_table
[03:47:42] [Worker-Main-3/WARN]: Found loot table element validation problem in {minecraft:entities/husk@minecraft:loot_table}.pools[2].entries[0]: Missing element husks_drop_sand:entities/husk of type minecraft:loot_table
[03:47:42] [Worker-Main-3/WARN]: Found loot table element validation problem in {minecraft:entities/player@minecraft:loot_table}.pools[1].entries[0]: Missing element graves:entities/player of type minecraft:loot_table
[03:47:42] [Worker-Main-3/WARN]: Found loot table element validation problem in {minecraft:entities/villager@minecraft:loot_table}.pools[2].entries[0]: Missing element villager_death:entities/villager of type minecraft:loot_table
[03:47:43] [ServerMain/INFO]: Loaded 1666 recipes
[03:47:43] [ServerMain/INFO]: Loaded 2245 advancements
[03:47:43] [ServerMain/INFO]: [ca.spottedleaf.dataconverter.minecraft.datatypes.MCTypeRegistry] Initialising converters for DataConverter...
[03:47:44] [ServerMain/INFO]: [ca.spottedleaf.dataconverter.minecraft.datatypes.MCTypeRegistry] Finished initialising converters for DataConverter in 318.0ms
[03:47:44] [Server thread/INFO]: Starting minecraft server version 1.21.9
[03:47:44] [Server thread/INFO]: Loading properties
[03:47:44] [Server thread/INFO]: This server is running Paper version 1.21.9-59-main@0ff899d (2025-10-07T11:49:59Z) (Implementing API version 1.21.9-R0.1-SNAPSHOT)
[03:47:44] [Server thread/INFO]: [spark] This server bundles the spark profiler. For more information please visit https://docs.papermc.io/paper/profiling
[03:47:44] [Server thread/INFO]: Server Ping Player Sample Count: 12
[03:47:44] [Server thread/INFO]: Using 4 threads for Netty based IO
[03:47:45] [Server thread/INFO]: [MoonriseCommon] Paper is using 4 worker threads, 1 I/O threads
[03:47:45] [Server thread/INFO]: Default game type: SURVIVAL
[03:47:45] [Server thread/INFO]: Generating keypair
[03:47:45] [Server thread/INFO]: Starting Minecraft server on *:25565
[03:47:45] [Server thread/INFO]: Using epoll channel type
[03:47:45] [Server thread/INFO]: Paper: Using libdeflate (Linux x86_64) compression from Velocity.
[03:47:45] [Server thread/INFO]: Paper: Using OpenSSL 3.x.x (Linux x86_64) cipher from Velocity.
[03:47:45] [Server thread/INFO]: [TabTPS] Loading server plugin TabTPS v1.3.30
[03:47:45] [Server thread/INFO]: [Essentials] Loading server plugin Essentials v2.21.2
[03:47:45] [Server thread/INFO]: [SkinsRestorer] Loading server plugin SkinsRestorer v15.10.0
[03:47:45] [Server thread/INFO]: [LevelledMobs] Loading server plugin LevelledMobs v4.5.0 b141
[03:47:45] [Server thread/INFO]: Server permissions file permissions.yml is empty, ignoring it
[03:47:45] [Server thread/INFO]: [SkinsRestorer] Enabling SkinsRestorer v15.10.0
[03:47:46] [Server thread/INFO]: [SkinsRestorer] Running on Minecraft 1.21.9.
[03:47:47] [Server thread/INFO]: [SkinsRestorer] Using paper join listener!
[03:47:47] [Server thread/WARN]: **** SERVER IS RUNNING IN OFFLINE/INSECURE MODE!
[03:47:47] [Server thread/WARN]: The server will make no attempt to authenticate usernames. Beware.
[03:47:47] [Server thread/WARN]: While this makes the game possible to play without internet access, it also opens up the ability for hackers to connect with any username they choose.
[03:47:47] [Server thread/WARN]: To change this, set "online-mode" to "true" in the server.properties file.
[03:47:47] [Server thread/INFO]: Preparing level "world"
[03:47:47] [Server thread/INFO]: Loading 25 persistent chunks for world 'minecraft:overworld'...
[03:47:47] [Server thread/INFO]: Preparing spawn area: 28%
[03:47:48] [Server thread/INFO]: Prepared spawn area in 186 ms
[03:47:48] [Server thread/INFO]: Loading 0 persistent chunks for world 'minecraft:the_nether'...
[03:47:48] [Server thread/INFO]: Prepared spawn area in 0 ms
[03:47:48] [Server thread/INFO]: Loading 0 persistent chunks for world 'minecraft:the_end'...
[03:47:48] [Server thread/INFO]: Prepared spawn area in 0 ms
[03:47:48] [Server thread/INFO]: Done preparing level "world" (0.964s)
[03:47:48] [Server thread/INFO]: [TabTPS] Enabling TabTPS v1.3.30
[03:47:48] [Server thread/INFO]: [Essentials] Enabling Essentials v2.21.2
[03:47:49] [Server thread/ERROR]: [Essentials] You are running an unsupported server version!
[03:47:49] [Server thread/INFO]: [Essentials] Attempting to convert old kits in config.yml to new kits.yml
[03:47:49] [Server thread/INFO]: [Essentials] No kits found to migrate.
[03:47:49] [Server thread/INFO]: [Essentials] Selected 1.11+ Item Unbreakable Provider as the provider for ItemUnbreakableProvider
[03:47:49] [Server thread/INFO]: [Essentials] Selected 1.14.4+ Persistent Data Container Provider as the provider for PersistentDataProvider
[03:47:49] [Server thread/INFO]: [Essentials] Selected Reflection Formatted Command Alias Provider as the provider for FormattedCommandAliasProvider
[03:47:49] [Server thread/INFO]: [Essentials] Selected Paper Server State Provider as the provider for ServerStateProvider
[03:47:49] [Server thread/INFO]: [Essentials] Selected 1.20.5+ Banner Data Provider as the provider for BannerDataProvider
[03:47:49] [Server thread/INFO]: [Essentials] Selected 1.14+ Sign Data Provider as the provider for SignDataProvider
[03:47:49] [Server thread/INFO]: [Essentials] Selected 1.12+ Spawner Block Provider as the provider for SpawnerBlockProvider
[03:47:49] [Server thread/INFO]: [Essentials] Selected 1.12.2+ Player Locale Provider as the provider for PlayerLocaleProvider
[03:47:49] [Server thread/INFO]: [Essentials] Selected Paper Known Commands Provider as the provider for KnownCommandsProvider
[03:47:49] [Server thread/INFO]: [Essentials] Selected Paper Container Provider as the provider for ContainerProvider
[03:47:49] [Server thread/INFO]: [Essentials] Selected 1.20.6+ Potion Meta Provider as the provider for PotionMetaProvider
[03:47:49] [Server thread/INFO]: [Essentials] Selected Legacy Biome Name Provider as the provider for BiomeNameProvider
[03:47:49] [Server thread/INFO]: [Essentials] Selected 1.20.4+ Damage Event Provider as the provider for DamageEventProvider
[03:47:49] [Server thread/INFO]: [Essentials] Selected Reflection Online Mode Provider as the provider for OnlineModeProvider
[03:47:49] [Server thread/INFO]: [Essentials] Selected Paper Biome Key Provider as the provider for BiomeKeyProvider
[03:47:49] [Server thread/INFO]: [Essentials] Selected 1.21.4+ Sync Commands Provider as the provider for SyncCommandsProvider
[03:47:49] [Server thread/INFO]: [Essentials] Selected 1.21+ InventoryView Interface ABI Provider as the provider for InventoryViewProvider
[03:47:49] [Server thread/INFO]: [Essentials] Selected 1.17.1+ World Info Provider as the provider for WorldInfoProvider
[03:47:49] [Server thread/INFO]: [Essentials] Selected Paper Serialization Provider as the provider for SerializationProvider
[03:47:49] [Server thread/INFO]: [Essentials] Selected Paper Tick Count Provider as the provider for TickCountProvider
[03:47:49] [Server thread/INFO]: [Essentials] Selected Paper Material Tag Provider as the provider for MaterialTagProvider
[03:47:49] [Server thread/INFO]: [Essentials] Selected 1.8.3+ Spawner Item Provider as the provider for SpawnerItemProvider
[03:47:49] [Server thread/INFO]: [Essentials] Selected 1.13+ Spawn Egg Provider as the provider for SpawnEggProvider
[03:47:49] [Server thread/INFO]: [Essentials] Loaded 43880 items from items.json.
[03:47:49] [Server thread/INFO]: [Essentials] Using locale en_US
[03:47:49] [Server thread/INFO]: [Essentials] ServerListPingEvent: Spigot iterator API
[03:47:49] [Server thread/INFO]: [Essentials] Starting Metrics. Opt-out using the global bStats config.
[03:47:49] [Server thread/INFO]: [Essentials] Using superperms-based permissions.
[03:47:49] [Server thread/INFO]: [LevelledMobs] Enabling LevelledMobs v4.5.0 b141
[03:47:49] [Server thread/INFO]: [LevelledMobs] Building reflection cache, use simple names: true
[03:47:49] [Server thread/INFO]: [LevelledMobs] Found Essentials, loading integration
[03:47:49] [Server thread/INFO]: [LevelledMobs] Using NMS version 1.21.9 for nametag support
[03:47:49] [Server thread/INFO]: [LevelledMobs] File Loader: Loading files...
[03:47:49] [Server thread/INFO]: [LevelledMobs] File Loader: Loading file 'settings.yml'...
[03:47:49] [Server thread/INFO]: [LevelledMobs] File Loader: Loading file 'messages.yml'...
[03:47:49] [Server thread/INFO]: [LevelledMobs] File Loader: Loading file 'externalplugins.yml'...
[03:47:49] [Server thread/INFO]: [LevelledMobs] File Loader: Loading file 'rules.yml'...
[03:47:49] [Server thread/INFO]: [LevelledMobs] Current rules hash: 1d4f84a4b50294f076bf5891b7d47eb2cfc26a7b3c488efec4ccee4c56a0aef9
[03:47:49] [Server thread/INFO]: [LevelledMobs] File Loader: Loading file 'customdrops.yml'...
[03:47:50] [Server thread/INFO]: [LevelledMobs] Listeners: Registering event listeners...
[03:47:50] [Server thread/INFO]: [LevelledMobs] Running misc procedures
[03:47:50] [Server thread/INFO]: [LevelledMobs] Tasks: Starting async nametag auto update task...
[03:47:50] [Server thread/INFO]: [LevelledMobs] Start-up complete (took 209ms)
[03:47:50] [Server thread/INFO]: [spark] Starting background profiler...
[03:47:50] [Server thread/INFO]: Running delayed init tasks
[03:47:50] [Craft Scheduler Thread - 2 - Essentials/INFO]: [Essentials] Fetching version information...
[03:47:50] [Server thread/INFO]: Done (18.075s)! For help, type "help"
[03:47:51] [Folia Async Scheduler Thread #1/INFO]: [SkinsRestorer] ----------------------------------------------
[03:47:51] [Folia Async Scheduler Thread #1/INFO]: [SkinsRestorer]     +==================+
[03:47:51] [Folia Async Scheduler Thread #1/INFO]: [SkinsRestorer]     |   SkinsRestorer  |
[03:47:51] [Folia Async Scheduler Thread #1/INFO]: [SkinsRestorer]     |------------------|
[03:47:51] [Folia Async Scheduler Thread #1/INFO]: [SkinsRestorer]     |  Standalone Mode |
[03:47:51] [Folia Async Scheduler Thread #1/INFO]: [SkinsRestorer]     +==================+
[03:47:51] [Folia Async Scheduler Thread #1/INFO]: [SkinsRestorer] ----------------------------------------------
[03:47:51] [Folia Async Scheduler Thread #1/INFO]: [SkinsRestorer]     Version: 15.10.0
[03:47:51] [Folia Async Scheduler Thread #1/INFO]: [SkinsRestorer]     Commit: fcb9320
[03:47:51] [Folia Async Scheduler Thread #1/INFO]: [SkinsRestorer]     A new version (15.12.0) is available! Downloading update...
[03:47:51] [Folia Async Scheduler Thread #1/INFO]: [SkinsRestorer] ----------------------------------------------
[03:47:51] [Folia Async Scheduler Thread #1/INFO]: [SkinsRestorer] Do you have issues? Read our troubleshooting guide: https://skinsrestorer.net/docs/troubleshooting
[03:47:51] [Folia Async Scheduler Thread #1/INFO]: [SkinsRestorer] Want to support SkinsRestorer? Consider donating: https://skinsrestorer.net/donate
[03:47:51] [Folia Async Scheduler Thread #1/INFO]: [SkinsRestorer] [GitHubUpdate] Downloading update...
[03:47:51] [Craft Scheduler Thread - 7 - LevelledMobs/WARN]: [LevelledMobs] LevelledMobs Update Checker Notice:
[03:47:51] [Craft Scheduler Thread - 7 - LevelledMobs/WARN]: [LevelledMobs] Your LevelledMobs version is outdated! Please update to v4.5.2 as soon as possible. (You're running v4.5.0)
[03:47:58] [Craft Scheduler Thread - 3 - TabTPS/INFO]: [TabTPS] There is an update available for TabTPS!
[03:47:58] [Craft Scheduler Thread - 3 - TabTPS/INFO]: [TabTPS] This server is running version v1.3.30, which is 1 versions outdated.
[03:47:58] [Craft Scheduler Thread - 3 - TabTPS/INFO]: [TabTPS] Download the latest version, v1.3.31 from Modrinth at the link below:
[03:47:58] [Craft Scheduler Thread - 3 - TabTPS/INFO]: [TabTPS] https://modrinth.com/plugin/tabtps
[03:49:19] [Folia Async Scheduler Thread #1/INFO]: [SkinsRestorer] [GitHubUpdate] Downloaded update in 88158ms
[03:49:19] [Folia Async Scheduler Thread #1/INFO]: [SkinsRestorer] [GitHubUpdate] Update saved as SkinsRestorer.jar
[03:49:19] [Folia Async Scheduler Thread #1/INFO]: [SkinsRestorer] [GitHubUpdate] The update will be loaded on the next server restart
